<?xml version="1.0" encoding="UTF-8" ?>
<testsuite failures="0" time="0.008" errors="0" skipped="0" tests="51" name="org.apache.commons.lang3.ClassUtilsTest">
  <properties>
    <property name="java.runtime.name" value="Java(TM) SE Runtime Environment"/>
    <property name="sun.boot.library.path" value="/usr/local/java/jdk1.7.0_80/jre/lib/amd64"/>
    <property name="java.vm.version" value="24.80-b11"/>
    <property name="java.vm.vendor" value="Oracle Corporation"/>
    <property name="maven.multiModuleProjectDirectory" value="/filesystem/mengshi_tool/prfl/example"/>
    <property name="java.vendor.url" value="http://java.oracle.com/"/>
    <property name="path.separator" value=":"/>
    <property name="guice.disable.misplaced.annotation.check" value="true"/>
    <property name="java.vm.name" value="Java HotSpot(TM) 64-Bit Server VM"/>
    <property name="file.encoding.pkg" value="sun.io"/>
    <property name="user.country" value="US"/>
    <property name="sun.java.launcher" value="SUN_STANDARD"/>
    <property name="sun.os.patch.level" value="unknown"/>
    <property name="java.vm.specification.name" value="Java Virtual Machine Specification"/>
    <property name="user.dir" value="/filesystem/mengshi_tool/prfl/example"/>
    <property name="java.runtime.version" value="1.7.0_80-b15"/>
    <property name="java.awt.graphicsenv" value="sun.awt.X11GraphicsEnvironment"/>
    <property name="java.endorsed.dirs" value="/usr/local/java/jdk1.7.0_80/jre/lib/endorsed"/>
    <property name="os.arch" value="amd64"/>
    <property name="java.io.tmpdir" value="/tmp"/>
    <property name="line.separator" value="
"/>
    <property name="java.vm.specification.vendor" value="Oracle Corporation"/>
    <property name="os.name" value="Linux"/>
    <property name="classworlds.conf" value="/filesystem/Maven/apache-maven-3.3.9/bin/m2.conf"/>
    <property name="sun.jnu.encoding" value="UTF-8"/>
    <property name="java.library.path" value="/opt/intel/mkl/lib/intel64:/opt/intel/lib/intel64:/usr/local/cuda/lib64:/usr/java/packages/lib/amd64:/usr/lib64:/lib64:/lib:/usr/lib"/>
    <property name="java.specification.name" value="Java Platform API Specification"/>
    <property name="java.class.version" value="51.0"/>
    <property name="sun.management.compiler" value="HotSpot 64-Bit Tiered Compilers"/>
    <property name="os.version" value="4.4.0-83-generic"/>
    <property name="user.home" value="/home/mengshi"/>
    <property name="user.timezone" value="America/Chicago"/>
    <property name="java.awt.printerjob" value="sun.print.PSPrinterJob"/>
    <property name="file.encoding" value="UTF-8"/>
    <property name="java.specification.version" value="1.7"/>
    <property name="user.name" value="mengshi"/>
    <property name="java.class.path" value="/filesystem/Maven/apache-maven-3.3.9/boot/plexus-classworlds-2.5.2.jar"/>
    <property name="java.vm.specification.version" value="1.7"/>
    <property name="sun.arch.data.model" value="64"/>
    <property name="java.home" value="/usr/local/java/jdk1.7.0_80/jre"/>
    <property name="sun.java.command" value="org.codehaus.plexus.classworlds.launcher.Launcher test"/>
    <property name="java.specification.vendor" value="Oracle Corporation"/>
    <property name="user.language" value="en"/>
    <property name="awt.toolkit" value="sun.awt.X11.XToolkit"/>
    <property name="java.vm.info" value="mixed mode"/>
    <property name="java.version" value="1.7.0_80"/>
    <property name="java.ext.dirs" value="/usr/local/java/jdk1.7.0_80/jre/lib/ext:/usr/java/packages/lib/ext"/>
    <property name="securerandom.source" value="file:/dev/./urandom"/>
    <property name="sun.boot.class.path" value="/usr/local/java/jdk1.7.0_80/jre/lib/resources.jar:/usr/local/java/jdk1.7.0_80/jre/lib/rt.jar:/usr/local/java/jdk1.7.0_80/jre/lib/sunrsasign.jar:/usr/local/java/jdk1.7.0_80/jre/lib/jsse.jar:/usr/local/java/jdk1.7.0_80/jre/lib/jce.jar:/usr/local/java/jdk1.7.0_80/jre/lib/charsets.jar:/usr/local/java/jdk1.7.0_80/jre/lib/jfr.jar:/usr/local/java/jdk1.7.0_80/jre/classes"/>
    <property name="java.vendor" value="Oracle Corporation"/>
    <property name="maven.home" value="/filesystem/Maven/apache-maven-3.3.9"/>
    <property name="file.separator" value="/"/>
    <property name="java.vendor.url.bug" value="http://bugreport.sun.com/bugreport/"/>
    <property name="sun.cpu.endian" value="little"/>
    <property name="sun.io.unicode.encoding" value="UnicodeLittle"/>
    <property name="sun.desktop" value="gnome"/>
    <property name="sun.cpu.isalist" value=""/>
  </properties>
  <testcase time="0.001" classname="org.apache.commons.lang3.ClassUtilsTest" name="testConstructor"/>
  <testcase time="0.001" classname="org.apache.commons.lang3.ClassUtilsTest" name="test_getShortClassName_Object"/>
  <testcase time="0" classname="org.apache.commons.lang3.ClassUtilsTest" name="test_getShortClassName_Class"/>
  <testcase time="0" classname="org.apache.commons.lang3.ClassUtilsTest" name="test_getShortClassName_String"/>
  <testcase time="0.001" classname="org.apache.commons.lang3.ClassUtilsTest" name="test_getSimpleName_Class"/>
  <testcase time="0.001" classname="org.apache.commons.lang3.ClassUtilsTest" name="test_getSimpleName_Object"/>
  <testcase time="0" classname="org.apache.commons.lang3.ClassUtilsTest" name="test_getPackageName_Object"/>
  <testcase time="0" classname="org.apache.commons.lang3.ClassUtilsTest" name="test_getPackageName_Class"/>
  <testcase time="0" classname="org.apache.commons.lang3.ClassUtilsTest" name="test_getPackageName_String"/>
  <testcase time="0" classname="org.apache.commons.lang3.ClassUtilsTest" name="test_getAllSuperclasses_Class"/>
  <testcase time="0" classname="org.apache.commons.lang3.ClassUtilsTest" name="test_getAllInterfaces_Class"/>
  <testcase time="0" classname="org.apache.commons.lang3.ClassUtilsTest" name="test_convertClassNamesToClasses_List"/>
  <testcase time="0" classname="org.apache.commons.lang3.ClassUtilsTest" name="test_convertClassesToClassNames_List"/>
  <testcase time="0" classname="org.apache.commons.lang3.ClassUtilsTest" name="test_isInnerClass_Class"/>
  <testcase time="0" classname="org.apache.commons.lang3.ClassUtilsTest" name="test_isAssignable_ClassArray_ClassArray"/>
  <testcase time="0" classname="org.apache.commons.lang3.ClassUtilsTest" name="test_isAssignable_ClassArray_ClassArray_Autoboxing"/>
  <testcase time="0" classname="org.apache.commons.lang3.ClassUtilsTest" name="test_isAssignable_ClassArray_ClassArray_NoAutoboxing"/>
  <testcase time="0" classname="org.apache.commons.lang3.ClassUtilsTest" name="test_isAssignable"/>
  <testcase time="0" classname="org.apache.commons.lang3.ClassUtilsTest" name="test_isAssignable_Autoboxing"/>
  <testcase time="0" classname="org.apache.commons.lang3.ClassUtilsTest" name="test_isAssignable_NoAutoboxing"/>
  <testcase time="0" classname="org.apache.commons.lang3.ClassUtilsTest" name="test_isAssignable_Widening"/>
  <testcase time="0" classname="org.apache.commons.lang3.ClassUtilsTest" name="test_isAssignable_DefaultUnboxing_Widening"/>
  <testcase time="0" classname="org.apache.commons.lang3.ClassUtilsTest" name="test_isAssignable_Unboxing_Widening"/>
  <testcase time="0" classname="org.apache.commons.lang3.ClassUtilsTest" name="testIsPrimitiveOrWrapper"/>
  <testcase time="0" classname="org.apache.commons.lang3.ClassUtilsTest" name="testIsPrimitiveWrapper"/>
  <testcase time="0" classname="org.apache.commons.lang3.ClassUtilsTest" name="testPrimitiveToWrapper"/>
  <testcase time="0" classname="org.apache.commons.lang3.ClassUtilsTest" name="testPrimitivesToWrappers"/>
  <testcase time="0" classname="org.apache.commons.lang3.ClassUtilsTest" name="testWrapperToPrimitive"/>
  <testcase time="0" classname="org.apache.commons.lang3.ClassUtilsTest" name="testWrapperToPrimitiveNoWrapper"/>
  <testcase time="0" classname="org.apache.commons.lang3.ClassUtilsTest" name="testWrapperToPrimitiveNull"/>
  <testcase time="0" classname="org.apache.commons.lang3.ClassUtilsTest" name="testWrappersToPrimitives"/>
  <testcase time="0" classname="org.apache.commons.lang3.ClassUtilsTest" name="testWrappersToPrimitivesNull"/>
  <testcase time="0" classname="org.apache.commons.lang3.ClassUtilsTest" name="testWrappersToPrimitivesEmpty"/>
  <testcase time="0" classname="org.apache.commons.lang3.ClassUtilsTest" name="testGetClassClassNotFound"/>
  <testcase time="0.001" classname="org.apache.commons.lang3.ClassUtilsTest" name="testGetClassInvalidArguments"/>
  <testcase time="0" classname="org.apache.commons.lang3.ClassUtilsTest" name="testWithInterleavingWhitespace"/>
  <testcase time="0.001" classname="org.apache.commons.lang3.ClassUtilsTest" name="testGetInnerClass"/>
  <testcase time="0" classname="org.apache.commons.lang3.ClassUtilsTest" name="testGetClassByNormalNameArrays"/>
  <testcase time="0" classname="org.apache.commons.lang3.ClassUtilsTest" name="testGetClassByNormalNameArrays2D"/>
  <testcase time="0" classname="org.apache.commons.lang3.ClassUtilsTest" name="testGetClassWithArrayClasses2D"/>
  <testcase time="0" classname="org.apache.commons.lang3.ClassUtilsTest" name="testGetClassWithArrayClasses"/>
  <testcase time="0" classname="org.apache.commons.lang3.ClassUtilsTest" name="testGetClassRawPrimitives"/>
  <testcase time="0" classname="org.apache.commons.lang3.ClassUtilsTest" name="testShowJavaBug"/>
  <testcase time="0" classname="org.apache.commons.lang3.ClassUtilsTest" name="testGetPublicMethod"/>
  <testcase time="0" classname="org.apache.commons.lang3.ClassUtilsTest" name="testToClass_object"/>
  <testcase time="0.001" classname="org.apache.commons.lang3.ClassUtilsTest" name="test_getShortCanonicalName_Object"/>
  <testcase time="0" classname="org.apache.commons.lang3.ClassUtilsTest" name="test_getShortCanonicalName_Class"/>
  <testcase time="0" classname="org.apache.commons.lang3.ClassUtilsTest" name="test_getShortCanonicalName_String"/>
  <testcase time="0" classname="org.apache.commons.lang3.ClassUtilsTest" name="test_getPackageCanonicalName_Object"/>
  <testcase time="0.001" classname="org.apache.commons.lang3.ClassUtilsTest" name="test_getPackageCanonicalName_Class"/>
  <testcase time="0" classname="org.apache.commons.lang3.ClassUtilsTest" name="test_getPackageCanonicalName_String"/>
</testsuite>