<?xml version="1.0" encoding="UTF-8" ?>
<testsuite failures="1" time="0.007" errors="0" skipped="0" tests="75" name="org.apache.commons.lang3.math.NumberUtilsTest">
  <properties>
    <property name="java.runtime.name" value="Java(TM) SE Runtime Environment"/>
    <property name="sun.boot.library.path" value="/usr/local/java/jdk1.7.0_80/jre/lib/amd64"/>
    <property name="java.vm.version" value="24.80-b11"/>
    <property name="java.vm.vendor" value="Oracle Corporation"/>
    <property name="maven.multiModuleProjectDirectory" value="/filesystem/mengshi_tool/prfl/example"/>
    <property name="java.vendor.url" value="http://java.oracle.com/"/>
    <property name="path.separator" value=":"/>
    <property name="guice.disable.misplaced.annotation.check" value="true"/>
    <property name="java.vm.name" value="Java HotSpot(TM) 64-Bit Server VM"/>
    <property name="file.encoding.pkg" value="sun.io"/>
    <property name="user.country" value="US"/>
    <property name="sun.java.launcher" value="SUN_STANDARD"/>
    <property name="sun.os.patch.level" value="unknown"/>
    <property name="java.vm.specification.name" value="Java Virtual Machine Specification"/>
    <property name="user.dir" value="/filesystem/mengshi_tool/prfl/example"/>
    <property name="java.runtime.version" value="1.7.0_80-b15"/>
    <property name="java.awt.graphicsenv" value="sun.awt.X11GraphicsEnvironment"/>
    <property name="java.endorsed.dirs" value="/usr/local/java/jdk1.7.0_80/jre/lib/endorsed"/>
    <property name="os.arch" value="amd64"/>
    <property name="java.io.tmpdir" value="/tmp"/>
    <property name="line.separator" value="
"/>
    <property name="java.vm.specification.vendor" value="Oracle Corporation"/>
    <property name="os.name" value="Linux"/>
    <property name="classworlds.conf" value="/filesystem/Maven/apache-maven-3.3.9/bin/m2.conf"/>
    <property name="sun.jnu.encoding" value="UTF-8"/>
    <property name="java.library.path" value="/opt/intel/mkl/lib/intel64:/opt/intel/lib/intel64:/usr/local/cuda/lib64:/usr/java/packages/lib/amd64:/usr/lib64:/lib64:/lib:/usr/lib"/>
    <property name="java.specification.name" value="Java Platform API Specification"/>
    <property name="java.class.version" value="51.0"/>
    <property name="sun.management.compiler" value="HotSpot 64-Bit Tiered Compilers"/>
    <property name="os.version" value="4.4.0-83-generic"/>
    <property name="user.home" value="/home/mengshi"/>
    <property name="user.timezone" value="America/Chicago"/>
    <property name="java.awt.printerjob" value="sun.print.PSPrinterJob"/>
    <property name="file.encoding" value="UTF-8"/>
    <property name="java.specification.version" value="1.7"/>
    <property name="user.name" value="mengshi"/>
    <property name="java.class.path" value="/filesystem/Maven/apache-maven-3.3.9/boot/plexus-classworlds-2.5.2.jar"/>
    <property name="java.vm.specification.version" value="1.7"/>
    <property name="sun.arch.data.model" value="64"/>
    <property name="java.home" value="/usr/local/java/jdk1.7.0_80/jre"/>
    <property name="sun.java.command" value="org.codehaus.plexus.classworlds.launcher.Launcher test"/>
    <property name="java.specification.vendor" value="Oracle Corporation"/>
    <property name="user.language" value="en"/>
    <property name="awt.toolkit" value="sun.awt.X11.XToolkit"/>
    <property name="java.vm.info" value="mixed mode"/>
    <property name="java.version" value="1.7.0_80"/>
    <property name="java.ext.dirs" value="/usr/local/java/jdk1.7.0_80/jre/lib/ext:/usr/java/packages/lib/ext"/>
    <property name="securerandom.source" value="file:/dev/./urandom"/>
    <property name="sun.boot.class.path" value="/usr/local/java/jdk1.7.0_80/jre/lib/resources.jar:/usr/local/java/jdk1.7.0_80/jre/lib/rt.jar:/usr/local/java/jdk1.7.0_80/jre/lib/sunrsasign.jar:/usr/local/java/jdk1.7.0_80/jre/lib/jsse.jar:/usr/local/java/jdk1.7.0_80/jre/lib/jce.jar:/usr/local/java/jdk1.7.0_80/jre/lib/charsets.jar:/usr/local/java/jdk1.7.0_80/jre/lib/jfr.jar:/usr/local/java/jdk1.7.0_80/jre/classes"/>
    <property name="java.vendor" value="Oracle Corporation"/>
    <property name="maven.home" value="/filesystem/Maven/apache-maven-3.3.9"/>
    <property name="file.separator" value="/"/>
    <property name="java.vendor.url.bug" value="http://bugreport.sun.com/bugreport/"/>
    <property name="sun.cpu.endian" value="little"/>
    <property name="sun.io.unicode.encoding" value="UnicodeLittle"/>
    <property name="sun.desktop" value="gnome"/>
    <property name="sun.cpu.isalist" value=""/>
  </properties>
  <testcase time="0.002" classname="org.apache.commons.lang3.math.NumberUtilsTest" name="testConstructor"/>
  <testcase time="0" classname="org.apache.commons.lang3.math.NumberUtilsTest" name="testToIntString"/>
  <testcase time="0" classname="org.apache.commons.lang3.math.NumberUtilsTest" name="testToIntStringI"/>
  <testcase time="0" classname="org.apache.commons.lang3.math.NumberUtilsTest" name="testToLongString"/>
  <testcase time="0" classname="org.apache.commons.lang3.math.NumberUtilsTest" name="testToLongStringL"/>
  <testcase time="0.001" classname="org.apache.commons.lang3.math.NumberUtilsTest" name="testToFloatString"/>
  <testcase time="0" classname="org.apache.commons.lang3.math.NumberUtilsTest" name="testToFloatStringF"/>
  <testcase time="0" classname="org.apache.commons.lang3.math.NumberUtilsTest" name="testStringToDoubleString"/>
  <testcase time="0" classname="org.apache.commons.lang3.math.NumberUtilsTest" name="testStringToDoubleStringD"/>
  <testcase time="0" classname="org.apache.commons.lang3.math.NumberUtilsTest" name="testToByteString"/>
  <testcase time="0" classname="org.apache.commons.lang3.math.NumberUtilsTest" name="testToByteStringI"/>
  <testcase time="0" classname="org.apache.commons.lang3.math.NumberUtilsTest" name="testToShortString"/>
  <testcase time="0" classname="org.apache.commons.lang3.math.NumberUtilsTest" name="testToShortStringI"/>
  <testcase time="0.003" classname="org.apache.commons.lang3.math.NumberUtilsTest" name="testCreateNumber">
    <failure message="Expected NumberFormatException" type="java.lang.AssertionError">java.lang.AssertionError: Expected NumberFormatException
	at org.junit.Assert.fail(Assert.java:93)
	at org.apache.commons.lang3.math.NumberUtilsTest.testCreateNumber(NumberUtilsTest.java:242)
	at sun.reflect.NativeMethodAccessorImpl.invoke0(Native Method)
	at sun.reflect.NativeMethodAccessorImpl.invoke(NativeMethodAccessorImpl.java:57)
	at sun.reflect.DelegatingMethodAccessorImpl.invoke(DelegatingMethodAccessorImpl.java:43)
	at java.lang.reflect.Method.invoke(Method.java:606)
	at org.junit.runners.model.FrameworkMethod$1.runReflectiveCall(FrameworkMethod.java:45)
	at org.junit.internal.runners.model.ReflectiveCallable.run(ReflectiveCallable.java:15)
	at org.junit.runners.model.FrameworkMethod.invokeExplosively(FrameworkMethod.java:42)
	at org.junit.internal.runners.statements.InvokeMethod.evaluate(InvokeMethod.java:20)
	at org.junit.runners.ParentRunner.runLeaf(ParentRunner.java:263)
	at org.junit.runners.BlockJUnit4ClassRunner.runChild(BlockJUnit4ClassRunner.java:68)
	at org.junit.runners.BlockJUnit4ClassRunner.runChild(BlockJUnit4ClassRunner.java:47)
	at org.junit.runners.ParentRunner$3.run(ParentRunner.java:231)
	at org.junit.runners.ParentRunner$1.schedule(ParentRunner.java:60)
	at org.junit.runners.ParentRunner.runChildren(ParentRunner.java:229)
	at org.junit.runners.ParentRunner.access$000(ParentRunner.java:50)
	at org.junit.runners.ParentRunner$2.evaluate(ParentRunner.java:222)
	at org.junit.runners.ParentRunner.run(ParentRunner.java:300)
	at org.apache.maven.surefire.junit4.JUnit4Provider.execute(JUnit4Provider.java:252)
	at org.apache.maven.surefire.junit4.JUnit4Provider.executeTestSet(JUnit4Provider.java:141)
	at org.apache.maven.surefire.junit4.JUnit4Provider.invoke(JUnit4Provider.java:112)
	at sun.reflect.NativeMethodAccessorImpl.invoke0(Native Method)
	at sun.reflect.NativeMethodAccessorImpl.invoke(NativeMethodAccessorImpl.java:57)
	at sun.reflect.DelegatingMethodAccessorImpl.invoke(DelegatingMethodAccessorImpl.java:43)
	at java.lang.reflect.Method.invoke(Method.java:606)
	at org.apache.maven.surefire.util.ReflectionUtils.invokeMethodWithArray(ReflectionUtils.java:189)
	at org.apache.maven.surefire.booter.ProviderFactory$ProviderProxy.invoke(ProviderFactory.java:165)
	at org.apache.maven.surefire.booter.ProviderFactory.invokeProvider(ProviderFactory.java:85)
	at org.apache.maven.surefire.booter.ForkedBooter.runSuitesInProcess(ForkedBooter.java:115)
	at org.apache.maven.surefire.booter.ForkedBooter.main(ForkedBooter.java:75)
</failure>
  </testcase>
  <testcase time="0" classname="org.apache.commons.lang3.math.NumberUtilsTest" name="testCreateFloat"/>
  <testcase time="0" classname="org.apache.commons.lang3.math.NumberUtilsTest" name="testCreateDouble"/>
  <testcase time="0" classname="org.apache.commons.lang3.math.NumberUtilsTest" name="testCreateInteger"/>
  <testcase time="0" classname="org.apache.commons.lang3.math.NumberUtilsTest" name="testCreateLong"/>
  <testcase time="0" classname="org.apache.commons.lang3.math.NumberUtilsTest" name="testCreateBigInteger"/>
  <testcase time="0" classname="org.apache.commons.lang3.math.NumberUtilsTest" name="testCreateBigDecimal"/>
  <testcase time="0" classname="org.apache.commons.lang3.math.NumberUtilsTest" name="testMinLong_nullArray"/>
  <testcase time="0" classname="org.apache.commons.lang3.math.NumberUtilsTest" name="testMinLong_emptyArray"/>
  <testcase time="0" classname="org.apache.commons.lang3.math.NumberUtilsTest" name="testMinLong"/>
  <testcase time="0" classname="org.apache.commons.lang3.math.NumberUtilsTest" name="testMinInt_nullArray"/>
  <testcase time="0" classname="org.apache.commons.lang3.math.NumberUtilsTest" name="testMinInt_emptyArray"/>
  <testcase time="0" classname="org.apache.commons.lang3.math.NumberUtilsTest" name="testMinInt"/>
  <testcase time="0.001" classname="org.apache.commons.lang3.math.NumberUtilsTest" name="testMinShort_nullArray"/>
  <testcase time="0" classname="org.apache.commons.lang3.math.NumberUtilsTest" name="testMinShort_emptyArray"/>
  <testcase time="0" classname="org.apache.commons.lang3.math.NumberUtilsTest" name="testMinShort"/>
  <testcase time="0" classname="org.apache.commons.lang3.math.NumberUtilsTest" name="testMinByte_nullArray"/>
  <testcase time="0" classname="org.apache.commons.lang3.math.NumberUtilsTest" name="testMinByte_emptyArray"/>
  <testcase time="0" classname="org.apache.commons.lang3.math.NumberUtilsTest" name="testMinByte"/>
  <testcase time="0" classname="org.apache.commons.lang3.math.NumberUtilsTest" name="testMinDouble_nullArray"/>
  <testcase time="0" classname="org.apache.commons.lang3.math.NumberUtilsTest" name="testMinDouble_emptyArray"/>
  <testcase time="0" classname="org.apache.commons.lang3.math.NumberUtilsTest" name="testMinDouble"/>
  <testcase time="0" classname="org.apache.commons.lang3.math.NumberUtilsTest" name="testMinFloat_nullArray"/>
  <testcase time="0" classname="org.apache.commons.lang3.math.NumberUtilsTest" name="testMinFloat_emptyArray"/>
  <testcase time="0" classname="org.apache.commons.lang3.math.NumberUtilsTest" name="testMinFloat"/>
  <testcase time="0" classname="org.apache.commons.lang3.math.NumberUtilsTest" name="testMaxLong_nullArray"/>
  <testcase time="0" classname="org.apache.commons.lang3.math.NumberUtilsTest" name="testMaxLong_emptyArray"/>
  <testcase time="0" classname="org.apache.commons.lang3.math.NumberUtilsTest" name="testMaxLong"/>
  <testcase time="0" classname="org.apache.commons.lang3.math.NumberUtilsTest" name="testMaxInt_nullArray"/>
  <testcase time="0" classname="org.apache.commons.lang3.math.NumberUtilsTest" name="testMaxInt_emptyArray"/>
  <testcase time="0" classname="org.apache.commons.lang3.math.NumberUtilsTest" name="testMaxInt"/>
  <testcase time="0" classname="org.apache.commons.lang3.math.NumberUtilsTest" name="testMaxShort_nullArray"/>
  <testcase time="0" classname="org.apache.commons.lang3.math.NumberUtilsTest" name="testMaxShort_emptyArray"/>
  <testcase time="0" classname="org.apache.commons.lang3.math.NumberUtilsTest" name="testMaxShort"/>
  <testcase time="0" classname="org.apache.commons.lang3.math.NumberUtilsTest" name="testMaxByte_nullArray"/>
  <testcase time="0" classname="org.apache.commons.lang3.math.NumberUtilsTest" name="testMaxByte_emptyArray"/>
  <testcase time="0" classname="org.apache.commons.lang3.math.NumberUtilsTest" name="testMaxByte"/>
  <testcase time="0" classname="org.apache.commons.lang3.math.NumberUtilsTest" name="testMaxDouble_nullArray"/>
  <testcase time="0" classname="org.apache.commons.lang3.math.NumberUtilsTest" name="testMaxDouble_emptyArray"/>
  <testcase time="0" classname="org.apache.commons.lang3.math.NumberUtilsTest" name="testMaxDouble"/>
  <testcase time="0" classname="org.apache.commons.lang3.math.NumberUtilsTest" name="testMaxFloat_nullArray"/>
  <testcase time="0" classname="org.apache.commons.lang3.math.NumberUtilsTest" name="testMaxFloat_emptyArray"/>
  <testcase time="0" classname="org.apache.commons.lang3.math.NumberUtilsTest" name="testMaxFloat"/>
  <testcase time="0" classname="org.apache.commons.lang3.math.NumberUtilsTest" name="testMinimumLong"/>
  <testcase time="0" classname="org.apache.commons.lang3.math.NumberUtilsTest" name="testMinimumInt"/>
  <testcase time="0" classname="org.apache.commons.lang3.math.NumberUtilsTest" name="testMinimumShort"/>
  <testcase time="0" classname="org.apache.commons.lang3.math.NumberUtilsTest" name="testMinimumByte"/>
  <testcase time="0" classname="org.apache.commons.lang3.math.NumberUtilsTest" name="testMinimumDouble"/>
  <testcase time="0" classname="org.apache.commons.lang3.math.NumberUtilsTest" name="testMinimumFloat"/>
  <testcase time="0" classname="org.apache.commons.lang3.math.NumberUtilsTest" name="testMaximumLong"/>
  <testcase time="0" classname="org.apache.commons.lang3.math.NumberUtilsTest" name="testMaximumInt"/>
  <testcase time="0" classname="org.apache.commons.lang3.math.NumberUtilsTest" name="testMaximumShort"/>
  <testcase time="0" classname="org.apache.commons.lang3.math.NumberUtilsTest" name="testMaximumByte"/>
  <testcase time="0" classname="org.apache.commons.lang3.math.NumberUtilsTest" name="testMaximumDouble"/>
  <testcase time="0" classname="org.apache.commons.lang3.math.NumberUtilsTest" name="testMaximumFloat"/>
  <testcase time="0" classname="org.apache.commons.lang3.math.NumberUtilsTest" name="testCompareDouble"/>
  <testcase time="0" classname="org.apache.commons.lang3.math.NumberUtilsTest" name="testCompareFloat"/>
  <testcase time="0" classname="org.apache.commons.lang3.math.NumberUtilsTest" name="testIsDigits"/>
  <testcase time="0" classname="org.apache.commons.lang3.math.NumberUtilsTest" name="testIsNumber"/>
  <testcase time="0" classname="org.apache.commons.lang3.math.NumberUtilsTest" name="testConstants"/>
  <testcase time="0" classname="org.apache.commons.lang3.math.NumberUtilsTest" name="testLang300"/>
  <testcase time="0" classname="org.apache.commons.lang3.math.NumberUtilsTest" name="testLang381"/>
</testsuite>