<?xml version="1.0" encoding="UTF-8" ?>
<testsuite failures="0" time="0.003" errors="0" skipped="0" tests="55" name="org.apache.commons.lang3.ArrayUtilsRemoveMultipleTest">
  <properties>
    <property name="java.runtime.name" value="Java(TM) SE Runtime Environment"/>
    <property name="sun.boot.library.path" value="/usr/local/java/jdk1.7.0_80/jre/lib/amd64"/>
    <property name="java.vm.version" value="24.80-b11"/>
    <property name="java.vm.vendor" value="Oracle Corporation"/>
    <property name="maven.multiModuleProjectDirectory" value="/filesystem/mengshi_tool/prfl/example"/>
    <property name="java.vendor.url" value="http://java.oracle.com/"/>
    <property name="path.separator" value=":"/>
    <property name="guice.disable.misplaced.annotation.check" value="true"/>
    <property name="java.vm.name" value="Java HotSpot(TM) 64-Bit Server VM"/>
    <property name="file.encoding.pkg" value="sun.io"/>
    <property name="user.country" value="US"/>
    <property name="sun.java.launcher" value="SUN_STANDARD"/>
    <property name="sun.os.patch.level" value="unknown"/>
    <property name="java.vm.specification.name" value="Java Virtual Machine Specification"/>
    <property name="user.dir" value="/filesystem/mengshi_tool/prfl/example"/>
    <property name="java.runtime.version" value="1.7.0_80-b15"/>
    <property name="java.awt.graphicsenv" value="sun.awt.X11GraphicsEnvironment"/>
    <property name="java.endorsed.dirs" value="/usr/local/java/jdk1.7.0_80/jre/lib/endorsed"/>
    <property name="os.arch" value="amd64"/>
    <property name="java.io.tmpdir" value="/tmp"/>
    <property name="line.separator" value="
"/>
    <property name="java.vm.specification.vendor" value="Oracle Corporation"/>
    <property name="os.name" value="Linux"/>
    <property name="classworlds.conf" value="/filesystem/Maven/apache-maven-3.3.9/bin/m2.conf"/>
    <property name="sun.jnu.encoding" value="UTF-8"/>
    <property name="java.library.path" value="/opt/intel/mkl/lib/intel64:/opt/intel/lib/intel64:/usr/local/cuda/lib64:/usr/java/packages/lib/amd64:/usr/lib64:/lib64:/lib:/usr/lib"/>
    <property name="java.specification.name" value="Java Platform API Specification"/>
    <property name="java.class.version" value="51.0"/>
    <property name="sun.management.compiler" value="HotSpot 64-Bit Tiered Compilers"/>
    <property name="os.version" value="4.4.0-83-generic"/>
    <property name="user.home" value="/home/mengshi"/>
    <property name="user.timezone" value="America/Chicago"/>
    <property name="java.awt.printerjob" value="sun.print.PSPrinterJob"/>
    <property name="file.encoding" value="UTF-8"/>
    <property name="java.specification.version" value="1.7"/>
    <property name="user.name" value="mengshi"/>
    <property name="java.class.path" value="/filesystem/Maven/apache-maven-3.3.9/boot/plexus-classworlds-2.5.2.jar"/>
    <property name="java.vm.specification.version" value="1.7"/>
    <property name="sun.arch.data.model" value="64"/>
    <property name="java.home" value="/usr/local/java/jdk1.7.0_80/jre"/>
    <property name="sun.java.command" value="org.codehaus.plexus.classworlds.launcher.Launcher test"/>
    <property name="java.specification.vendor" value="Oracle Corporation"/>
    <property name="user.language" value="en"/>
    <property name="awt.toolkit" value="sun.awt.X11.XToolkit"/>
    <property name="java.vm.info" value="mixed mode"/>
    <property name="java.version" value="1.7.0_80"/>
    <property name="java.ext.dirs" value="/usr/local/java/jdk1.7.0_80/jre/lib/ext:/usr/java/packages/lib/ext"/>
    <property name="securerandom.source" value="file:/dev/./urandom"/>
    <property name="sun.boot.class.path" value="/usr/local/java/jdk1.7.0_80/jre/lib/resources.jar:/usr/local/java/jdk1.7.0_80/jre/lib/rt.jar:/usr/local/java/jdk1.7.0_80/jre/lib/sunrsasign.jar:/usr/local/java/jdk1.7.0_80/jre/lib/jsse.jar:/usr/local/java/jdk1.7.0_80/jre/lib/jce.jar:/usr/local/java/jdk1.7.0_80/jre/lib/charsets.jar:/usr/local/java/jdk1.7.0_80/jre/lib/jfr.jar:/usr/local/java/jdk1.7.0_80/jre/classes"/>
    <property name="java.vendor" value="Oracle Corporation"/>
    <property name="maven.home" value="/filesystem/Maven/apache-maven-3.3.9"/>
    <property name="file.separator" value="/"/>
    <property name="java.vendor.url.bug" value="http://bugreport.sun.com/bugreport/"/>
    <property name="sun.cpu.endian" value="little"/>
    <property name="sun.io.unicode.encoding" value="UnicodeLittle"/>
    <property name="sun.desktop" value="gnome"/>
    <property name="sun.cpu.isalist" value=""/>
  </properties>
  <testcase time="0.001" classname="org.apache.commons.lang3.ArrayUtilsRemoveMultipleTest" name="testRemoveElementBooleanArray"/>
  <testcase time="0" classname="org.apache.commons.lang3.ArrayUtilsRemoveMultipleTest" name="testRemoveElementByteArray"/>
  <testcase time="0" classname="org.apache.commons.lang3.ArrayUtilsRemoveMultipleTest" name="testRemoveElementCharArray"/>
  <testcase time="0" classname="org.apache.commons.lang3.ArrayUtilsRemoveMultipleTest" name="testRemoveElementDoubleArray"/>
  <testcase time="0" classname="org.apache.commons.lang3.ArrayUtilsRemoveMultipleTest" name="testRemoveElementFloatArray"/>
  <testcase time="0" classname="org.apache.commons.lang3.ArrayUtilsRemoveMultipleTest" name="testRemoveElementIntArray"/>
  <testcase time="0" classname="org.apache.commons.lang3.ArrayUtilsRemoveMultipleTest" name="testRemoveElementLongArray"/>
  <testcase time="0" classname="org.apache.commons.lang3.ArrayUtilsRemoveMultipleTest" name="testRemoveElementShortArray"/>
  <testcase time="0" classname="org.apache.commons.lang3.ArrayUtilsRemoveMultipleTest" name="testRemoveAllObjectArray"/>
  <testcase time="0" classname="org.apache.commons.lang3.ArrayUtilsRemoveMultipleTest" name="testRemoveAllObjectArrayRemoveNone"/>
  <testcase time="0" classname="org.apache.commons.lang3.ArrayUtilsRemoveMultipleTest" name="testRemoveAllObjectArrayNegativeIndex"/>
  <testcase time="0" classname="org.apache.commons.lang3.ArrayUtilsRemoveMultipleTest" name="testRemoveAllObjectArrayOutOfBoundsIndex"/>
  <testcase time="0" classname="org.apache.commons.lang3.ArrayUtilsRemoveMultipleTest" name="testRemoveAllNullObjectArray"/>
  <testcase time="0" classname="org.apache.commons.lang3.ArrayUtilsRemoveMultipleTest" name="testRemoveAllNumberArray"/>
  <testcase time="0" classname="org.apache.commons.lang3.ArrayUtilsRemoveMultipleTest" name="testRemoveAllBooleanArray"/>
  <testcase time="0" classname="org.apache.commons.lang3.ArrayUtilsRemoveMultipleTest" name="testRemoveAllBooleanArrayRemoveNone"/>
  <testcase time="0" classname="org.apache.commons.lang3.ArrayUtilsRemoveMultipleTest" name="testRemoveAllBooleanArrayNegativeIndex"/>
  <testcase time="0" classname="org.apache.commons.lang3.ArrayUtilsRemoveMultipleTest" name="testRemoveAllBooleanArrayOutOfBoundsIndex"/>
  <testcase time="0" classname="org.apache.commons.lang3.ArrayUtilsRemoveMultipleTest" name="testRemoveAllNullBooleanArray"/>
  <testcase time="0" classname="org.apache.commons.lang3.ArrayUtilsRemoveMultipleTest" name="testRemoveAllByteArray"/>
  <testcase time="0" classname="org.apache.commons.lang3.ArrayUtilsRemoveMultipleTest" name="testRemoveAllByteArrayRemoveNone"/>
  <testcase time="0" classname="org.apache.commons.lang3.ArrayUtilsRemoveMultipleTest" name="testRemoveAllByteArrayNegativeIndex"/>
  <testcase time="0" classname="org.apache.commons.lang3.ArrayUtilsRemoveMultipleTest" name="testRemoveAllByteArrayOutOfBoundsIndex"/>
  <testcase time="0" classname="org.apache.commons.lang3.ArrayUtilsRemoveMultipleTest" name="testRemoveAllNullByteArray"/>
  <testcase time="0" classname="org.apache.commons.lang3.ArrayUtilsRemoveMultipleTest" name="testRemoveAllCharArray"/>
  <testcase time="0" classname="org.apache.commons.lang3.ArrayUtilsRemoveMultipleTest" name="testRemoveAllCharArrayRemoveNone"/>
  <testcase time="0" classname="org.apache.commons.lang3.ArrayUtilsRemoveMultipleTest" name="testRemoveAllCharArrayNegativeIndex"/>
  <testcase time="0" classname="org.apache.commons.lang3.ArrayUtilsRemoveMultipleTest" name="testRemoveAllCharArrayOutOfBoundsIndex"/>
  <testcase time="0" classname="org.apache.commons.lang3.ArrayUtilsRemoveMultipleTest" name="testRemoveAllNullCharArray"/>
  <testcase time="0.001" classname="org.apache.commons.lang3.ArrayUtilsRemoveMultipleTest" name="testRemoveAllDoubleArray"/>
  <testcase time="0" classname="org.apache.commons.lang3.ArrayUtilsRemoveMultipleTest" name="testRemoveAllDoubleArrayRemoveNone"/>
  <testcase time="0" classname="org.apache.commons.lang3.ArrayUtilsRemoveMultipleTest" name="testRemoveAllDoubleArrayNegativeIndex"/>
  <testcase time="0" classname="org.apache.commons.lang3.ArrayUtilsRemoveMultipleTest" name="testRemoveAllDoubleArrayOutOfBoundsIndex"/>
  <testcase time="0" classname="org.apache.commons.lang3.ArrayUtilsRemoveMultipleTest" name="testRemoveAllNullDoubleArray"/>
  <testcase time="0" classname="org.apache.commons.lang3.ArrayUtilsRemoveMultipleTest" name="testRemoveAllFloatArray"/>
  <testcase time="0" classname="org.apache.commons.lang3.ArrayUtilsRemoveMultipleTest" name="testRemoveAllFloatArrayRemoveNone"/>
  <testcase time="0" classname="org.apache.commons.lang3.ArrayUtilsRemoveMultipleTest" name="testRemoveAllNullFloatArray"/>
  <testcase time="0" classname="org.apache.commons.lang3.ArrayUtilsRemoveMultipleTest" name="testRemoveAllFloatArrayNegativeIndex"/>
  <testcase time="0.001" classname="org.apache.commons.lang3.ArrayUtilsRemoveMultipleTest" name="testRemoveAllFloatArrayOutOfBoundsIndex"/>
  <testcase time="0" classname="org.apache.commons.lang3.ArrayUtilsRemoveMultipleTest" name="testRemoveAllIntArray"/>
  <testcase time="0" classname="org.apache.commons.lang3.ArrayUtilsRemoveMultipleTest" name="testRemoveAllIntArrayRemoveNone"/>
  <testcase time="0" classname="org.apache.commons.lang3.ArrayUtilsRemoveMultipleTest" name="testRemoveAllIntArrayNegativeIndex"/>
  <testcase time="0" classname="org.apache.commons.lang3.ArrayUtilsRemoveMultipleTest" name="testRemoveAllIntArrayOutOfBoundsIndex"/>
  <testcase time="0" classname="org.apache.commons.lang3.ArrayUtilsRemoveMultipleTest" name="testRemoveAllNullIntArray"/>
  <testcase time="0" classname="org.apache.commons.lang3.ArrayUtilsRemoveMultipleTest" name="testRemoveAllLongArray"/>
  <testcase time="0" classname="org.apache.commons.lang3.ArrayUtilsRemoveMultipleTest" name="testRemoveAllLongArrayRemoveNone"/>
  <testcase time="0" classname="org.apache.commons.lang3.ArrayUtilsRemoveMultipleTest" name="testRemoveAllLongArrayNegativeIndex"/>
  <testcase time="0" classname="org.apache.commons.lang3.ArrayUtilsRemoveMultipleTest" name="testRemoveAllLongArrayOutOfBoundsIndex"/>
  <testcase time="0" classname="org.apache.commons.lang3.ArrayUtilsRemoveMultipleTest" name="testRemoveAllNullLongArray"/>
  <testcase time="0" classname="org.apache.commons.lang3.ArrayUtilsRemoveMultipleTest" name="testRemoveAllShortArray"/>
  <testcase time="0" classname="org.apache.commons.lang3.ArrayUtilsRemoveMultipleTest" name="testRemoveAllShortArrayRemoveNone"/>
  <testcase time="0" classname="org.apache.commons.lang3.ArrayUtilsRemoveMultipleTest" name="testRemoveAllShortArrayNegativeIndex"/>
  <testcase time="0" classname="org.apache.commons.lang3.ArrayUtilsRemoveMultipleTest" name="testRemoveAllShortArrayOutOfBoundsIndex"/>
  <testcase time="0" classname="org.apache.commons.lang3.ArrayUtilsRemoveMultipleTest" name="testRemoveAllNullShortArray"/>
  <testcase time="0" classname="org.apache.commons.lang3.ArrayUtilsRemoveMultipleTest" name="testRemoveElementsObjectArray"/>
</testsuite>