<?xml version="1.0" encoding="UTF-8" ?>
<testsuite failures="0" time="0.005" errors="0" skipped="0" tests="42" name="org.apache.commons.lang3.ConversionTest">
  <properties>
    <property name="java.runtime.name" value="Java(TM) SE Runtime Environment"/>
    <property name="sun.boot.library.path" value="/usr/local/java/jdk1.7.0_80/jre/lib/amd64"/>
    <property name="java.vm.version" value="24.80-b11"/>
    <property name="java.vm.vendor" value="Oracle Corporation"/>
    <property name="maven.multiModuleProjectDirectory" value="/filesystem/mengshi_tool/prfl/example"/>
    <property name="java.vendor.url" value="http://java.oracle.com/"/>
    <property name="path.separator" value=":"/>
    <property name="guice.disable.misplaced.annotation.check" value="true"/>
    <property name="java.vm.name" value="Java HotSpot(TM) 64-Bit Server VM"/>
    <property name="file.encoding.pkg" value="sun.io"/>
    <property name="user.country" value="US"/>
    <property name="sun.java.launcher" value="SUN_STANDARD"/>
    <property name="sun.os.patch.level" value="unknown"/>
    <property name="java.vm.specification.name" value="Java Virtual Machine Specification"/>
    <property name="user.dir" value="/filesystem/mengshi_tool/prfl/example"/>
    <property name="java.runtime.version" value="1.7.0_80-b15"/>
    <property name="java.awt.graphicsenv" value="sun.awt.X11GraphicsEnvironment"/>
    <property name="java.endorsed.dirs" value="/usr/local/java/jdk1.7.0_80/jre/lib/endorsed"/>
    <property name="os.arch" value="amd64"/>
    <property name="java.io.tmpdir" value="/tmp"/>
    <property name="line.separator" value="
"/>
    <property name="java.vm.specification.vendor" value="Oracle Corporation"/>
    <property name="os.name" value="Linux"/>
    <property name="classworlds.conf" value="/filesystem/Maven/apache-maven-3.3.9/bin/m2.conf"/>
    <property name="sun.jnu.encoding" value="UTF-8"/>
    <property name="java.library.path" value="/opt/intel/mkl/lib/intel64:/opt/intel/lib/intel64:/usr/local/cuda/lib64:/usr/java/packages/lib/amd64:/usr/lib64:/lib64:/lib:/usr/lib"/>
    <property name="java.specification.name" value="Java Platform API Specification"/>
    <property name="java.class.version" value="51.0"/>
    <property name="sun.management.compiler" value="HotSpot 64-Bit Tiered Compilers"/>
    <property name="os.version" value="4.4.0-83-generic"/>
    <property name="user.home" value="/home/mengshi"/>
    <property name="user.timezone" value="America/Chicago"/>
    <property name="java.awt.printerjob" value="sun.print.PSPrinterJob"/>
    <property name="file.encoding" value="UTF-8"/>
    <property name="java.specification.version" value="1.7"/>
    <property name="user.name" value="mengshi"/>
    <property name="java.class.path" value="/filesystem/Maven/apache-maven-3.3.9/boot/plexus-classworlds-2.5.2.jar"/>
    <property name="java.vm.specification.version" value="1.7"/>
    <property name="sun.arch.data.model" value="64"/>
    <property name="java.home" value="/usr/local/java/jdk1.7.0_80/jre"/>
    <property name="sun.java.command" value="org.codehaus.plexus.classworlds.launcher.Launcher test"/>
    <property name="java.specification.vendor" value="Oracle Corporation"/>
    <property name="user.language" value="en"/>
    <property name="awt.toolkit" value="sun.awt.X11.XToolkit"/>
    <property name="java.vm.info" value="mixed mode"/>
    <property name="java.version" value="1.7.0_80"/>
    <property name="java.ext.dirs" value="/usr/local/java/jdk1.7.0_80/jre/lib/ext:/usr/java/packages/lib/ext"/>
    <property name="securerandom.source" value="file:/dev/./urandom"/>
    <property name="sun.boot.class.path" value="/usr/local/java/jdk1.7.0_80/jre/lib/resources.jar:/usr/local/java/jdk1.7.0_80/jre/lib/rt.jar:/usr/local/java/jdk1.7.0_80/jre/lib/sunrsasign.jar:/usr/local/java/jdk1.7.0_80/jre/lib/jsse.jar:/usr/local/java/jdk1.7.0_80/jre/lib/jce.jar:/usr/local/java/jdk1.7.0_80/jre/lib/charsets.jar:/usr/local/java/jdk1.7.0_80/jre/lib/jfr.jar:/usr/local/java/jdk1.7.0_80/jre/classes"/>
    <property name="java.vendor" value="Oracle Corporation"/>
    <property name="maven.home" value="/filesystem/Maven/apache-maven-3.3.9"/>
    <property name="file.separator" value="/"/>
    <property name="java.vendor.url.bug" value="http://bugreport.sun.com/bugreport/"/>
    <property name="sun.cpu.endian" value="little"/>
    <property name="sun.io.unicode.encoding" value="UnicodeLittle"/>
    <property name="sun.desktop" value="gnome"/>
    <property name="sun.cpu.isalist" value=""/>
  </properties>
  <testcase time="0.001" classname="org.apache.commons.lang3.ConversionTest" name="testHexDigitToInt"/>
  <testcase time="0" classname="org.apache.commons.lang3.ConversionTest" name="testHexDigitMsb0ToInt"/>
  <testcase time="0" classname="org.apache.commons.lang3.ConversionTest" name="testHexDigitToBinary"/>
  <testcase time="0" classname="org.apache.commons.lang3.ConversionTest" name="testHexDigitMsb0ToBinary"/>
  <testcase time="0" classname="org.apache.commons.lang3.ConversionTest" name="testBinaryToHexDigit"/>
  <testcase time="0" classname="org.apache.commons.lang3.ConversionTest" name="testBinaryToHexDigit_2args"/>
  <testcase time="0" classname="org.apache.commons.lang3.ConversionTest" name="testBinaryToHexDigitMsb0_bits"/>
  <testcase time="0" classname="org.apache.commons.lang3.ConversionTest" name="testBinaryToHexDigitMsb0_4bits_2args"/>
  <testcase time="0" classname="org.apache.commons.lang3.ConversionTest" name="testBinaryBeMsb0ToHexDigit"/>
  <testcase time="0" classname="org.apache.commons.lang3.ConversionTest" name="testBinaryBeMsb0ToHexDigit_2args"/>
  <testcase time="0" classname="org.apache.commons.lang3.ConversionTest" name="testIntToHexDigit"/>
  <testcase time="0.001" classname="org.apache.commons.lang3.ConversionTest" name="testIntToHexDigitMsb0"/>
  <testcase time="0" classname="org.apache.commons.lang3.ConversionTest" name="testIntArrayToLong"/>
  <testcase time="0" classname="org.apache.commons.lang3.ConversionTest" name="testShortArrayToLong"/>
  <testcase time="0" classname="org.apache.commons.lang3.ConversionTest" name="testByteArrayToLong"/>
  <testcase time="0" classname="org.apache.commons.lang3.ConversionTest" name="testShortArrayToInt"/>
  <testcase time="0" classname="org.apache.commons.lang3.ConversionTest" name="testByteArrayToInt"/>
  <testcase time="0" classname="org.apache.commons.lang3.ConversionTest" name="testByteArrayToShort"/>
  <testcase time="0.001" classname="org.apache.commons.lang3.ConversionTest" name="testHexToLong"/>
  <testcase time="0" classname="org.apache.commons.lang3.ConversionTest" name="testHexToInt"/>
  <testcase time="0" classname="org.apache.commons.lang3.ConversionTest" name="testHexToShort"/>
  <testcase time="0" classname="org.apache.commons.lang3.ConversionTest" name="testHexToByte"/>
  <testcase time="0" classname="org.apache.commons.lang3.ConversionTest" name="testBinaryToLong"/>
  <testcase time="0" classname="org.apache.commons.lang3.ConversionTest" name="testBinaryToInt"/>
  <testcase time="0" classname="org.apache.commons.lang3.ConversionTest" name="testBinaryToShort"/>
  <testcase time="0" classname="org.apache.commons.lang3.ConversionTest" name="testBinaryToByte"/>
  <testcase time="0" classname="org.apache.commons.lang3.ConversionTest" name="testLongToIntArray"/>
  <testcase time="0" classname="org.apache.commons.lang3.ConversionTest" name="testLongToShortArray"/>
  <testcase time="0" classname="org.apache.commons.lang3.ConversionTest" name="testIntToShortArray"/>
  <testcase time="0" classname="org.apache.commons.lang3.ConversionTest" name="testLongToByteArray"/>
  <testcase time="0" classname="org.apache.commons.lang3.ConversionTest" name="testIntToByteArray"/>
  <testcase time="0" classname="org.apache.commons.lang3.ConversionTest" name="testShortToByteArray"/>
  <testcase time="0" classname="org.apache.commons.lang3.ConversionTest" name="testLongToHex"/>
  <testcase time="0.001" classname="org.apache.commons.lang3.ConversionTest" name="testIntToHex"/>
  <testcase time="0" classname="org.apache.commons.lang3.ConversionTest" name="testShortToHex"/>
  <testcase time="0" classname="org.apache.commons.lang3.ConversionTest" name="testByteToHex"/>
  <testcase time="0" classname="org.apache.commons.lang3.ConversionTest" name="testLongToBinary"/>
  <testcase time="0.001" classname="org.apache.commons.lang3.ConversionTest" name="testIntToBinary"/>
  <testcase time="0" classname="org.apache.commons.lang3.ConversionTest" name="testShortToBinary"/>
  <testcase time="0" classname="org.apache.commons.lang3.ConversionTest" name="testByteToBinary"/>
  <testcase time="0" classname="org.apache.commons.lang3.ConversionTest" name="testUuidToByteArray"/>
  <testcase time="0" classname="org.apache.commons.lang3.ConversionTest" name="testByteArrayToUuid"/>
</testsuite>