<?xml version="1.0" encoding="UTF-8" ?>
<testsuite failures="0" time="0.003" errors="0" skipped="0" tests="54" name="org.apache.commons.lang3.ValidateTest">
  <properties>
    <property name="java.runtime.name" value="Java(TM) SE Runtime Environment"/>
    <property name="sun.boot.library.path" value="/usr/local/java/jdk1.7.0_80/jre/lib/amd64"/>
    <property name="java.vm.version" value="24.80-b11"/>
    <property name="java.vm.vendor" value="Oracle Corporation"/>
    <property name="maven.multiModuleProjectDirectory" value="/filesystem/mengshi_tool/prfl/example"/>
    <property name="java.vendor.url" value="http://java.oracle.com/"/>
    <property name="path.separator" value=":"/>
    <property name="guice.disable.misplaced.annotation.check" value="true"/>
    <property name="java.vm.name" value="Java HotSpot(TM) 64-Bit Server VM"/>
    <property name="file.encoding.pkg" value="sun.io"/>
    <property name="user.country" value="US"/>
    <property name="sun.java.launcher" value="SUN_STANDARD"/>
    <property name="sun.os.patch.level" value="unknown"/>
    <property name="java.vm.specification.name" value="Java Virtual Machine Specification"/>
    <property name="user.dir" value="/filesystem/mengshi_tool/prfl/example"/>
    <property name="java.runtime.version" value="1.7.0_80-b15"/>
    <property name="java.awt.graphicsenv" value="sun.awt.X11GraphicsEnvironment"/>
    <property name="java.endorsed.dirs" value="/usr/local/java/jdk1.7.0_80/jre/lib/endorsed"/>
    <property name="os.arch" value="amd64"/>
    <property name="java.io.tmpdir" value="/tmp"/>
    <property name="line.separator" value="
"/>
    <property name="java.vm.specification.vendor" value="Oracle Corporation"/>
    <property name="os.name" value="Linux"/>
    <property name="classworlds.conf" value="/filesystem/Maven/apache-maven-3.3.9/bin/m2.conf"/>
    <property name="sun.jnu.encoding" value="UTF-8"/>
    <property name="java.library.path" value="/opt/intel/mkl/lib/intel64:/opt/intel/lib/intel64:/usr/local/cuda/lib64:/usr/java/packages/lib/amd64:/usr/lib64:/lib64:/lib:/usr/lib"/>
    <property name="java.specification.name" value="Java Platform API Specification"/>
    <property name="java.class.version" value="51.0"/>
    <property name="sun.management.compiler" value="HotSpot 64-Bit Tiered Compilers"/>
    <property name="os.version" value="4.4.0-83-generic"/>
    <property name="user.home" value="/home/mengshi"/>
    <property name="user.timezone" value="America/Chicago"/>
    <property name="java.awt.printerjob" value="sun.print.PSPrinterJob"/>
    <property name="file.encoding" value="UTF-8"/>
    <property name="java.specification.version" value="1.7"/>
    <property name="user.name" value="mengshi"/>
    <property name="java.class.path" value="/filesystem/Maven/apache-maven-3.3.9/boot/plexus-classworlds-2.5.2.jar"/>
    <property name="java.vm.specification.version" value="1.7"/>
    <property name="sun.arch.data.model" value="64"/>
    <property name="java.home" value="/usr/local/java/jdk1.7.0_80/jre"/>
    <property name="sun.java.command" value="org.codehaus.plexus.classworlds.launcher.Launcher test"/>
    <property name="java.specification.vendor" value="Oracle Corporation"/>
    <property name="user.language" value="en"/>
    <property name="awt.toolkit" value="sun.awt.X11.XToolkit"/>
    <property name="java.vm.info" value="mixed mode"/>
    <property name="java.version" value="1.7.0_80"/>
    <property name="java.ext.dirs" value="/usr/local/java/jdk1.7.0_80/jre/lib/ext:/usr/java/packages/lib/ext"/>
    <property name="securerandom.source" value="file:/dev/./urandom"/>
    <property name="sun.boot.class.path" value="/usr/local/java/jdk1.7.0_80/jre/lib/resources.jar:/usr/local/java/jdk1.7.0_80/jre/lib/rt.jar:/usr/local/java/jdk1.7.0_80/jre/lib/sunrsasign.jar:/usr/local/java/jdk1.7.0_80/jre/lib/jsse.jar:/usr/local/java/jdk1.7.0_80/jre/lib/jce.jar:/usr/local/java/jdk1.7.0_80/jre/lib/charsets.jar:/usr/local/java/jdk1.7.0_80/jre/lib/jfr.jar:/usr/local/java/jdk1.7.0_80/jre/classes"/>
    <property name="java.vendor" value="Oracle Corporation"/>
    <property name="maven.home" value="/filesystem/Maven/apache-maven-3.3.9"/>
    <property name="file.separator" value="/"/>
    <property name="java.vendor.url.bug" value="http://bugreport.sun.com/bugreport/"/>
    <property name="sun.cpu.endian" value="little"/>
    <property name="sun.io.unicode.encoding" value="UnicodeLittle"/>
    <property name="sun.desktop" value="gnome"/>
    <property name="sun.cpu.isalist" value=""/>
  </properties>
  <testcase time="0" classname="org.apache.commons.lang3.ValidateTest" name="testConstructor"/>
  <testcase time="0" classname="org.apache.commons.lang3.ValidateTest" name="testIsAssignable"/>
  <testcase time="0" classname="org.apache.commons.lang3.ValidateTest" name="testIsTrue1"/>
  <testcase time="0" classname="org.apache.commons.lang3.ValidateTest" name="testIsTrue2"/>
  <testcase time="0" classname="org.apache.commons.lang3.ValidateTest" name="testIsTrue3"/>
  <testcase time="0" classname="org.apache.commons.lang3.ValidateTest" name="testIsTrue4"/>
  <testcase time="0" classname="org.apache.commons.lang3.ValidateTest" name="testIsTrue5"/>
  <testcase time="0" classname="org.apache.commons.lang3.ValidateTest" name="testNotNull1"/>
  <testcase time="0" classname="org.apache.commons.lang3.ValidateTest" name="testNotNull2"/>
  <testcase time="0" classname="org.apache.commons.lang3.ValidateTest" name="testNotEmptyArray1"/>
  <testcase time="0" classname="org.apache.commons.lang3.ValidateTest" name="testNotEmptyArray2"/>
  <testcase time="0" classname="org.apache.commons.lang3.ValidateTest" name="testNotEmptyCollection1"/>
  <testcase time="0" classname="org.apache.commons.lang3.ValidateTest" name="testNotEmptyCollection2"/>
  <testcase time="0" classname="org.apache.commons.lang3.ValidateTest" name="testNotEmptyMap1"/>
  <testcase time="0" classname="org.apache.commons.lang3.ValidateTest" name="testNotEmptyMap2"/>
  <testcase time="0.001" classname="org.apache.commons.lang3.ValidateTest" name="testNotEmptyString1"/>
  <testcase time="0" classname="org.apache.commons.lang3.ValidateTest" name="testNotEmptyString2"/>
  <testcase time="0" classname="org.apache.commons.lang3.ValidateTest" name="testNotBlankNullStringShouldThrow"/>
  <testcase time="0" classname="org.apache.commons.lang3.ValidateTest" name="testNotBlankMsgNullStringShouldThrow"/>
  <testcase time="0" classname="org.apache.commons.lang3.ValidateTest" name="testNotBlankEmptyStringShouldThrow"/>
  <testcase time="0" classname="org.apache.commons.lang3.ValidateTest" name="testNotBlankBlankStringWithWhitespacesShouldThrow"/>
  <testcase time="0" classname="org.apache.commons.lang3.ValidateTest" name="testNotBlankBlankStringWithNewlinesShouldThrow"/>
  <testcase time="0" classname="org.apache.commons.lang3.ValidateTest" name="testNotBlankMsgBlankStringShouldThrow"/>
  <testcase time="0" classname="org.apache.commons.lang3.ValidateTest" name="testNotBlankMsgBlankStringWithWhitespacesShouldThrow"/>
  <testcase time="0" classname="org.apache.commons.lang3.ValidateTest" name="testNotBlankMsgEmptyStringShouldThrow"/>
  <testcase time="0" classname="org.apache.commons.lang3.ValidateTest" name="testNotBlankNotBlankStringShouldNotThrow"/>
  <testcase time="0" classname="org.apache.commons.lang3.ValidateTest" name="testNotBlankNotBlankStringWithWhitespacesShouldNotThrow"/>
  <testcase time="0" classname="org.apache.commons.lang3.ValidateTest" name="testNotBlankNotBlankStringWithNewlinesShouldNotThrow"/>
  <testcase time="0" classname="org.apache.commons.lang3.ValidateTest" name="testNotBlankMsgNotBlankStringShouldNotThrow"/>
  <testcase time="0" classname="org.apache.commons.lang3.ValidateTest" name="testNotBlankMsgNotBlankStringWithWhitespacesShouldNotThrow"/>
  <testcase time="0" classname="org.apache.commons.lang3.ValidateTest" name="testNotBlankMsgNotBlankStringWithNewlinesShouldNotThrow"/>
  <testcase time="0" classname="org.apache.commons.lang3.ValidateTest" name="testNotBlankReturnValues1"/>
  <testcase time="0" classname="org.apache.commons.lang3.ValidateTest" name="testNotBlankReturnValues2"/>
  <testcase time="0" classname="org.apache.commons.lang3.ValidateTest" name="testNoNullElementsArray1"/>
  <testcase time="0" classname="org.apache.commons.lang3.ValidateTest" name="testNoNullElementsArray2"/>
  <testcase time="0.001" classname="org.apache.commons.lang3.ValidateTest" name="testNoNullElementsCollection1"/>
  <testcase time="0" classname="org.apache.commons.lang3.ValidateTest" name="testNoNullElementsCollection2"/>
  <testcase time="0" classname="org.apache.commons.lang3.ValidateTest" name="testValidIndex_withMessage_array"/>
  <testcase time="0" classname="org.apache.commons.lang3.ValidateTest" name="testValidIndex_array"/>
  <testcase time="0" classname="org.apache.commons.lang3.ValidateTest" name="testValidIndex_withMessage_collection"/>
  <testcase time="0.001" classname="org.apache.commons.lang3.ValidateTest" name="testValidIndex_collection"/>
  <testcase time="0" classname="org.apache.commons.lang3.ValidateTest" name="testValidIndex_withMessage_charSequence"/>
  <testcase time="0" classname="org.apache.commons.lang3.ValidateTest" name="testValidIndex_charSequence"/>
  <testcase time="0" classname="org.apache.commons.lang3.ValidateTest" name="testMatchesPattern"/>
  <testcase time="0" classname="org.apache.commons.lang3.ValidateTest" name="testMatchesPattern_withMessage"/>
  <testcase time="0" classname="org.apache.commons.lang3.ValidateTest" name="testInclusiveBetween"/>
  <testcase time="0" classname="org.apache.commons.lang3.ValidateTest" name="testInclusiveBetween_withMessage"/>
  <testcase time="0" classname="org.apache.commons.lang3.ValidateTest" name="testExclusiveBetween"/>
  <testcase time="0" classname="org.apache.commons.lang3.ValidateTest" name="testExclusiveBetween_withMessage"/>
  <testcase time="0" classname="org.apache.commons.lang3.ValidateTest" name="testIsInstanceOf"/>
  <testcase time="0" classname="org.apache.commons.lang3.ValidateTest" name="testIsInstanceOfExceptionMessage"/>
  <testcase time="0" classname="org.apache.commons.lang3.ValidateTest" name="testIsInstanceOf_withMessage"/>
  <testcase time="0" classname="org.apache.commons.lang3.ValidateTest" name="testIsAssignableExceptionMessage"/>
  <testcase time="0" classname="org.apache.commons.lang3.ValidateTest" name="testIsAssignable_withMessage"/>
</testsuite>